<?xml version="1.0" encoding="UTF-8"?>
<!-- Generated by org.testng.reporters.JUnitReportReporter -->
<testsuite hostname="DESKTOP-IUGIV9I" failures="0" tests="2" name="AutomationCucumberTest.TestRunner" time="36.857" errors="0" timestamp="2023-10-14T00:06:40 IST" skipped="0">
  <testcase classname="AutomationCucumberTest.TestRunner" name="runScenario" time="28.476"/>
  <system-out/>
  <testcase classname="AutomationCucumberTest.TestRunner" name="runScenario" time="8.381"/>
  <system-out/>
</testsuite> <!-- AutomationCucumberTest.TestRunner -->
